C51 COMPILER V9.59.0.0   DISP                                                              01/14/2019 19:03:47 PAGE 1   


C51 COMPILER V9.59.0.0, COMPILATION OF MODULE DISP
OBJECT MODULE PLACED IN .\Objects\DISP.obj
COMPILER INVOKED BY: C:\Keil_v5\C51\BIN\C51.EXE DISP.c OPTIMIZE(8,SPEED) BROWSE INCDIR(..\Flush) DEBUG OBJECTEXTEND PRIN
                    -T(.\Listings\DISP.lst) TABS(2) OBJECT(.\Objects\DISP.obj)

line level    source

   1          #include "DISP.h"
   2          #include "Func.h"
   3          
   4          sbit OE=P1^3;
   5          sbit duan=P1^4;
   6          sbit wei=P1^5;
   7          sbit K1=P2^0;
   8          sbit K2=P2^1;
   9          
  10          #define uchar unsigned char
  11          #define uint unsigned int
  12            
  13          uchar disp[8]={7,1,3,18,17,16,16,16};
  14          uchar code sled_bit[]={0xfe,0xfd,0xfb,0xf7,0xef,0xdf,0xbf,0x7f};
  15          uchar table[19]={0x3f,0x06,0x5b,0x4f,0x66,0x6d,0x7d,0x07,0x7f,0x6f,0x77,0x7c,0x39,0x5e,0x79,0x71,0x00,0x40
             -,0x73};
  16          uchar i=0;
  17          uchar key=99;
  18          uchar temp;
  19          uchar d2;
  20          uchar hide=0xff;
  21          unsigned int count=0;
  22          
  23          extern data uchar  param[9];
  24          extern data uchar k;
  25          extern bit setup;
  26          extern uchar flag;
  27          
  28          void scan() interrupt 1
  29          {
  30   1        uchar t;
  31   1        TH0=(65536-500)/256;
  32   1        TL0=(65536-500)%256;
  33   1        t=disp[i];
  34   1        OE=1;
  35   1        P0=table[t];
  36   1        if(i==5) P0=P0|0x80;
  37   1        duan=1;
  38   1        duan=0;
  39   1        P0=sled_bit[i];
  40   1        wei=1;
  41   1        wei=0;
  42   1        OE=0;
  43   1        i++;
  44   1        if(i>=8)
  45   1        {
  46   2          i=0;
  47   2        }
  48   1        count=count+1;
  49   1        if(count>=2000&&flag==0xff)
  50   1        {
  51   2          count=0;
  52   2          readDAC();
  53   2        }
C51 COMPILER V9.59.0.0   DISP                                                              01/14/2019 19:03:47 PAGE 2   

  54   1      }


MODULE INFORMATION:   STATIC OVERLAYABLE
   CODE SIZE        =    149    ----
   CONSTANT SIZE    =      8    ----
   XDATA SIZE       =   ----    ----
   PDATA SIZE       =   ----    ----
   DATA SIZE        =     34    ----
   IDATA SIZE       =   ----    ----
   BIT SIZE         =   ----    ----
END OF MODULE INFORMATION.


C51 COMPILATION COMPLETE.  0 WARNING(S),  0 ERROR(S)
