C51 COMPILER V9.59.0.0   MAIN                                                              01/14/2019 19:03:48 PAGE 1   


C51 COMPILER V9.59.0.0, COMPILATION OF MODULE MAIN
OBJECT MODULE PLACED IN .\Objects\main.obj
COMPILER INVOKED BY: C:\Keil_v5\C51\BIN\C51.EXE main.c OPTIMIZE(8,SPEED) BROWSE INCDIR(..\Flush) DEBUG OBJECTEXTEND PRIN
                    -T(.\Listings\main.lst) TABS(2) OBJECT(.\Objects\main.obj)

line level    source

   1          #include "IIC.h"
   2          #include "Func.h"
   3          #include "DISP.h"
   4          
   5          #define uchar unsigned char
   6          #define uint  unsigned int
   7          
   8          sbit over=P1^0;
   9          sbit key=P2^0;
  10          
  11          data uchar param[2] _at_ 0x20;
  12          data da;
  13          unsigned long result;
  14          uchar k;
  15          data uchar flag _at_ 0x30;
  16          
  17          extern uchar disp[8];
  18          extern uchar i;
  19          extern uint count;
  20          
  21          void main()
  22          {
  23   1        EA=1;
  24   1        EX0=1;
  25   1        ET0=1;
  26   1        IT1=0;
  27   1        TMOD|=0x01;
  28   1        TH0=(65536-500)/256;
  29   1        TL0=(65536-500)%256;
  30   1        TR0=1;
  31   1        flag=0xff;
  32   1        DAC();
  33   1        disDAC();
  34   1        write24c02();
  35   1        while(1)
  36   1        {
  37   2          if(flag==0xff)
  38   2          {
  39   3            DAC();
  40   3            disDAC();
  41   3          }
  42   2          if(result>=250)
  43   2            over=0;
  44   2          else
  45   2            over=1;
  46   2        }
  47   1      }
  48            
  49          void Pause() interrupt 0
  50          {
  51   1        EX0=0;
  52   1        flag=~flag;
  53   1        read24c02();
  54   1        if(flag==0x00)
C51 COMPILER V9.59.0.0   MAIN                                                              01/14/2019 19:03:48 PAGE 2   

  55   1        {
  56   2          disp[5]=param[0];
  57   2          disp[6]=param[1]/10;
  58   2          disp[7]=param[1]%10;
  59   2        }
  60   1        EX0=1;
  61   1      }


MODULE INFORMATION:   STATIC OVERLAYABLE
   CODE SIZE        =    160    ----
   CONSTANT SIZE    =   ----    ----
   XDATA SIZE       =   ----    ----
   PDATA SIZE       =   ----    ----
   DATA SIZE        =      7    ----
   IDATA SIZE       =   ----    ----
   BIT SIZE         =   ----    ----
END OF MODULE INFORMATION.


C51 COMPILATION COMPLETE.  0 WARNING(S),  0 ERROR(S)
